#
# A fatal error has been detected by the Java Runtime Environment:
#
#  SIGSEGV (0xb) at pc=0x0000000109646914, pid=8237, tid=16643
#
# JRE version: Java(TM) SE Runtime Environment (8.0_60-b27) (build 1.8.0_60-b27)
# Java VM: Java HotSpot(TM) 64-Bit Server VM (25.60-b23 mixed mode bsd-amd64 compressed oops)
# Problematic frame:
# V  [libjvm.dylib+0x446914]  Method::checked_resolve_jmethod_id(_jmethodID*)+0xe
#
# Failed to write core dump. Core dumps have been disabled. To enable core dumping, try "ulimit -c unlimited" before starting Java again
#
# If you would like to submit a bug report, please visit:
#   http://bugreport.java.com/bugreport/crash.jsp
#

---------------  T H R E A D  ---------------

Current thread (0x00007f8f53828000):  JavaThread "JDWP Transport Listener: dt_socket" daemon [_thread_in_vm, id=16643, stack(0x0000000121bf1000,0x0000000121cf1000)]

siginfo: si_signo: 11 (SIGSEGV), si_code: 1 (SEGV_MAPERR), si_addr: 0x00007f8f00000002

Registers:
RAX=0x0000000000000001, RBX=0x0000000121cf0a8b, RCX=0x0000000109a15310, RDX=0x0000000121cf0a8b
RSP=0x0000000121cf09d0, RBP=0x0000000121cf09e0, RSI=0x00007f8f53828000, RDI=0x00007f8f00000002
R8 =0x0000000000000003, R9 =0x00007f8f51f00000, R10=0x0000000000000010, R11=0x00007f8f51f00000
R12=0x00007f8f53828000, R13=0x00007f8f00000002, R14=0x00007f8f00000002, R15=0x00007f8f51e01760
RIP=0x0000000109646914, EFLAGS=0x0000000000010202, ERR=0x0000000000000004
  TRAPNO=0x000000000000000e

Top of Stack: (sp=0x0000000121cf09d0)
0x0000000121cf09d0:   0000000121cf0a8b 0000000121cf0a8b
0x0000000121cf09e0:   0000000121cf0a40 0000000109555a0e
0x0000000121cf09f0:   00007f8f53828000 0000000000000000
0x0000000121cf0a00:   0000000000000000 0000000000000000
0x0000000121cf0a10:   00007f8f53828000 00007f8f53828000
0x0000000121cf0a20:   0000000121cf0a8b 0000000121cf0a90
0x0000000121cf0a30:   00007f8f00000002 0000000000000006
0x0000000121cf0a40:   0000000121cf0a60 000000010a1ec780
0x0000000121cf0a50:   0000000000000001 0000000121cf0b08
0x0000000121cf0a60:   0000000121cf0ad0 000000010a1d11f3
0x0000000121cf0a70:   0000000121cf0aa0 00007f8f51f2efa0
0x0000000121cf0a80:   0000000700000032 0000000a00cf0b08
0x0000000121cf0a90:   0000000000000000 0000000000000000
0x0000000121cf0aa0:   0000000000000000 0000000121cf0c90
0x0000000121cf0ab0:   000000010a1f3e7a 00007f8f51f24210
0x0000000121cf0ac0:   0000000121cf0b08 000000010a1ff598
0x0000000121cf0ad0:   0000000121cf0ae0 000000010a1d12ec
0x0000000121cf0ae0:   0000000121cf0d00 000000010a1da898
0x0000000121cf0af0:   0000231100000013 00000000000f0200
0x0000000121cf0b00:   00007f8f51f2eb90 00007f8f51f3040a
0x0000000121cf0b10:   00007f8f000001ee 00007f8f51f2af60
0x0000000121cf0b20:   00007f8f0000012c 0000000121cf0b58
0x0000000121cf0b30:   00007f8f51f2af60 00007f0000000000
0x0000000121cf0b40:   000023110000000f 00007fff00009080
0x0000000121cf0b50:   0000000121cf0b58 8f7f000007000000
0x0000000121cf0b60:   1200000010dbe151 617453746e697270
0x0000000121cf0b70:   646e49646e457472 5b28160000007865
0x0000000121cf0b80:   616c2f6176616a4c 6e697274532f676e
0x0000000121cf0b90:   0000000056293b67 8f7f00000a000000
0x0000000121cf0ba0:   05000000f8dae151 000000454d6b7361
0x0000000121cf0bb0:   6176616a4c492816 75512f6c6974752f
0x0000000121cf0bc0:   004929493b657565 616a4c49282b0000 

Instructions: (pc=0x0000000109646914)
0x00000001096468f4:   40 48 48 85 c0 75 e0 30 c0 0f b6 c0 5d c3 31 c0
0x0000000109646904:   5d c3 55 48 89 e5 53 48 83 ec 08 48 85 ff 74 24
0x0000000109646914:   48 8b 1f 48 85 db 74 1c 48 83 fb 37 74 16 48 8b
0x0000000109646924:   03 48 89 df ff 50 10 84 c0 b8 00 00 00 00 48 0f 

Register to memory mapping:

RAX=0x0000000000000001 is an unknown value
RBX=0x0000000121cf0a8b is pointing into the stack for thread: 0x00007f8f53828000
RCX=0x0000000109a15310: UseMembar+0 in /Library/Java/JavaVirtualMachines/jdk1.8.0_60.jdk/Contents/Home/jre/lib/server/libjvm.dylib at 0x0000000109200000
RDX=0x0000000121cf0a8b is pointing into the stack for thread: 0x00007f8f53828000
RSP=0x0000000121cf09d0 is pointing into the stack for thread: 0x00007f8f53828000
RBP=0x0000000121cf09e0 is pointing into the stack for thread: 0x00007f8f53828000
RSI=0x00007f8f53828000 is a thread
RDI=0x00007f8f00000002 is an unknown value
R8 =0x0000000000000003 is an unknown value
R9 =0x00007f8f51f00000 is an unknown value
R10=0x0000000000000010 is an unknown value
R11=0x00007f8f51f00000 is an unknown value
R12=0x00007f8f53828000 is a thread
R13=0x00007f8f00000002 is an unknown value
R14=0x00007f8f00000002 is an unknown value
R15=0x00007f8f51e01760 is an unknown value


Stack: [0x0000000121bf1000,0x0000000121cf1000],  sp=0x0000000121cf09d0,  free space=1022k
Native frames: (J=compiled Java code, j=interpreted, Vv=VM code, C=native code)
V  [libjvm.dylib+0x446914]  Method::checked_resolve_jmethod_id(_jmethodID*)+0xe
V  [libjvm.dylib+0x355a0e]  jvmti_IsMethodSynthetic+0xb2
C  [libjdwp.dylib+0x20780]  isMethodSynthetic+0x63
C  [libjdwp.dylib+0x51f3]  methods1+0x10b
C  [libjdwp.dylib+0x52ec]  methodsWithGeneric+0xe
C  [libjdwp.dylib+0xe898]  debugLoop_run+0x1ce
C  [libjdwp.dylib+0x1f6ba]  attachThread+0x4d
V  [libjvm.dylib+0x396d6c]  JvmtiAgentThread::call_start_function()+0x38
V  [libjvm.dylib+0x5612d3]  JavaThread::thread_main_inner()+0x9b
V  [libjvm.dylib+0x5629ce]  JavaThread::run()+0x1c2
V  [libjvm.dylib+0x48343a]  java_start(Thread*)+0xf6
C  [libsystem_pthread.dylib+0x32fc]  _pthread_body+0x83
C  [libsystem_pthread.dylib+0x3279]  _pthread_body+0x0
C  [libsystem_pthread.dylib+0x14b1]  thread_start+0xd
C  0x0000000000000000


---------------  P R O C E S S  ---------------

Java Threads: ( => current thread )
  0x00007f8f53054800 JavaThread "Service Thread" daemon [_thread_blocked, id=19715, stack(0x0000000122203000,0x0000000122303000)]
  0x00007f8f52822000 JavaThread "C1 CompilerThread2" daemon [_thread_blocked, id=19203, stack(0x0000000122100000,0x0000000122200000)]
  0x00007f8f52821000 JavaThread "C2 CompilerThread1" daemon [_thread_blocked, id=18691, stack(0x0000000121ffd000,0x00000001220fd000)]
  0x00007f8f5281b000 JavaThread "C2 CompilerThread0" daemon [_thread_blocked, id=18179, stack(0x0000000121efa000,0x0000000121ffa000)]
  0x00007f8f52005000 JavaThread "JDWP Command Reader" daemon [_thread_in_native, id=17667, stack(0x0000000121df7000,0x0000000121ef7000)]
  0x00007f8f53819000 JavaThread "JDWP Event Helper Thread" daemon [_thread_blocked, id=17155, stack(0x0000000121cf4000,0x0000000121df4000)]
=>0x00007f8f53828000 JavaThread "JDWP Transport Listener: dt_socket" daemon [_thread_in_vm, id=16643, stack(0x0000000121bf1000,0x0000000121cf1000)]
  0x00007f8f5304d800 JavaThread "Signal Dispatcher" daemon [_thread_blocked, id=13583, stack(0x0000000121ae7000,0x0000000121be7000)]
  0x00007f8f53806000 JavaThread "Finalizer" daemon [_thread_blocked, id=11523, stack(0x000000012019d000,0x000000012029d000)]
  0x00007f8f52016800 JavaThread "Reference Handler" daemon [_thread_blocked, id=11011, stack(0x000000012009a000,0x000000012019a000)]
  0x00007f8f52007800 JavaThread "main" [_thread_in_native, id=4867, stack(0x00000001088f7000,0x00000001089f7000)]

Other Threads:
  0x00007f8f5304b800 VMThread [stack: 0x000000011ff97000,0x0000000120097000] [id=10499]
  0x00007f8f52018800 WatcherThread [stack: 0x0000000122306000,0x0000000122406000] [id=20227]

VM state:not at safepoint (normal execution)

VM Mutex/Monitor currently owned by a thread: None

Heap:
 PSYoungGen      total 38400K, used 3336K [0x0000000795580000, 0x0000000798000000, 0x00000007c0000000)
  eden space 33280K, 10% used [0x0000000795580000,0x00000007958c20e0,0x0000000797600000)
  from space 5120K, 0% used [0x0000000797b00000,0x0000000797b00000,0x0000000798000000)
  to   space 5120K, 0% used [0x0000000797600000,0x0000000797600000,0x0000000797b00000)
 ParOldGen       total 87552K, used 0K [0x0000000740000000, 0x0000000745580000, 0x0000000795580000)
  object space 87552K, 0% used [0x0000000740000000,0x0000000740000000,0x0000000745580000)
 Metaspace       used 3390K, capacity 4562K, committed 4864K, reserved 1056768K
  class space    used 379K, capacity 386K, committed 512K, reserved 1048576K

Card table byte_map: [0x00000001195e8000,0x00000001199e9000] byte_map_base: 0x0000000115be8000

Marking Bits: (ParMarkBitMap*) 0x0000000109adee20
 Begin Bits: [0x000000011a0a0000, 0x000000011c0a0000)
 End Bits:   [0x000000011c0a0000, 0x000000011e0a0000)

Polling page: 0x00000001089f9000

CodeCache: size=245760Kb used=1222Kb max_used=1222Kb free=244537Kb
 bounds [0x000000010a228000, 0x000000010a498000, 0x0000000119228000]
 total_blobs=325 nmethods=92 adapters=155
 compilation: enabled

Compilation events (10 events):
Event: 0.280 Thread 0x00007f8f52822000   88       3       java.util.StringTokenizer::scanToken (179 bytes)
Event: 0.282 Thread 0x00007f8f52822000 nmethod 88 0x000000010a357550 code [0x000000010a3577e0, 0x000000010a358ad8]
Event: 0.283 Thread 0x00007f8f52822000   89       3       java.util.HashSet::add (20 bytes)
Event: 0.283 Thread 0x00007f8f52822000 nmethod 89 0x000000010a355550 code [0x000000010a3556e0, 0x000000010a355bf8]
Event: 0.283 Thread 0x00007f8f52822000   90       3       java.util.StringTokenizer::nextToken (92 bytes)
Event: 0.284 Thread 0x00007f8f52822000 nmethod 90 0x000000010a354e10 code [0x000000010a354fc0, 0x000000010a3553b8]
Event: 0.284 Thread 0x00007f8f52822000   91       3       java.util.StringTokenizer::hasMoreTokens (29 bytes)
Event: 0.285 Thread 0x00007f8f52822000 nmethod 91 0x000000010a354a10 code [0x000000010a354b80, 0x000000010a354d88]
Event: 18.031 Thread 0x00007f8f52822000   92       1       java.nio.Buffer::limit (5 bytes)
Event: 18.031 Thread 0x00007f8f52822000 nmethod 92 0x000000010a359b10 code [0x000000010a359c60, 0x000000010a359d70]

GC Heap History (0 events):
No events

Deoptimization events (1 events):
Event: 0.207 Thread 0x00007f8f52007800 Uncommon trap: reason=unstable_if action=reinterpret pc=0x000000010a34940c method=java.lang.String.hashCode()I @ 14

Internal exceptions (10 events):
Event: 0.190 Thread 0x00007f8f52007800 Exception <a 'java/util/zip/ZipException'> (0x000000079582ea38) thrown at [/Users/java_re/workspace/8-2-build-macosx-x86_64/jdk8u60/4407/hotspot/src/share/vm/prims/jni.cpp, line 709]
Event: 0.190 Thread 0x00007f8f52007800 Exception <a 'java/security/PrivilegedActionException'> (0x000000079582ec40) thrown at [/Users/java_re/workspace/8-2-build-macosx-x86_64/jdk8u60/4407/hotspot/src/share/vm/prims/jvm.cpp, line 1386]
Event: 0.190 Thread 0x00007f8f52007800 Exception <a 'java/security/PrivilegedActionException'> (0x000000079582ee50) thrown at [/Users/java_re/workspace/8-2-build-macosx-x86_64/jdk8u60/4407/hotspot/src/share/vm/prims/jvm.cpp, line 1386]
Event: 0.194 Thread 0x00007f8f52007800 Exception <a 'java/util/zip/ZipException'> (0x0000000795840640) thrown at [/Users/java_re/workspace/8-2-build-macosx-x86_64/jdk8u60/4407/hotspot/src/share/vm/prims/jni.cpp, line 709]
Event: 0.194 Thread 0x00007f8f52007800 Exception <a 'java/security/PrivilegedActionException'> (0x0000000795840848) thrown at [/Users/java_re/workspace/8-2-build-macosx-x86_64/jdk8u60/4407/hotspot/src/share/vm/prims/jvm.cpp, line 1386]
Event: 0.194 Thread 0x00007f8f52007800 Exception <a 'java/security/PrivilegedActionException'> (0x0000000795840a58) thrown at [/Users/java_re/workspace/8-2-build-macosx-x86_64/jdk8u60/4407/hotspot/src/share/vm/prims/jvm.cpp, line 1386]
Event: 0.241 Thread 0x00007f8f52007800 Exception <a 'java/security/PrivilegedActionException'> (0x0000000795890b30) thrown at [/Users/java_re/workspace/8-2-build-macosx-x86_64/jdk8u60/4407/hotspot/src/share/vm/prims/jvm.cpp, line 1386]
Event: 0.241 Thread 0x00007f8f52007800 Exception <a 'java/security/PrivilegedActionException'> (0x0000000795890f28) thrown at [/Users/java_re/workspace/8-2-build-macosx-x86_64/jdk8u60/4407/hotspot/src/share/vm/prims/jvm.cpp, line 1386]
Event: 0.241 Thread 0x00007f8f52007800 Exception <a 'java/security/PrivilegedActionException'> (0x00000007958943b0) thrown at [/Users/java_re/workspace/8-2-build-macosx-x86_64/jdk8u60/4407/hotspot/src/share/vm/prims/jvm.cpp, line 1386]
Event: 0.241 Thread 0x00007f8f52007800 Exception <a 'java/security/PrivilegedActionException'> (0x00000007958947a8) thrown at [/Users/java_re/workspace/8-2-build-macosx-x86_64/jdk8u60/4407/hotspot/src/share/vm/prims/jvm.cpp, line 1386]

Events (10 events):
Event: 1373.736 Executing VM operation: ChangeBreakpoints
Event: 1373.736 Executing VM operation: ChangeBreakpoints done
Event: 1418.431 Executing VM operation: ChangeBreakpoints
Event: 1418.431 Executing VM operation: ChangeBreakpoints done
Event: 1687.470 Executing VM operation: ChangeBreakpoints
Event: 1687.470 Executing VM operation: ChangeBreakpoints done
Event: 1700.181 Executing VM operation: ChangeBreakpoints
Event: 1700.181 Executing VM operation: ChangeBreakpoints done
Event: 1700.185 Executing VM operation: RedefineClasses
Event: 1700.186 Executing VM operation: RedefineClasses done


Dynamic libraries:
0x000000000430a000 	/System/Library/Frameworks/Cocoa.framework/Versions/A/Cocoa
0x000000000430a000 	/System/Library/Frameworks/Security.framework/Versions/A/Security
0x000000000430a000 	/System/Library/Frameworks/ApplicationServices.framework/Versions/A/ApplicationServices
0x000000000430a000 	/usr/lib/libz.1.dylib
0x000000000430a000 	/usr/lib/libSystem.B.dylib
0x000000000430a000 	/usr/lib/libobjc.A.dylib
0x000000000430a000 	/System/Library/Frameworks/CoreFoundation.framework/Versions/A/CoreFoundation
0x000000000430a000 	/System/Library/Frameworks/Foundation.framework/Versions/C/Foundation
0x000000000430a000 	/System/Library/Frameworks/AppKit.framework/Versions/C/AppKit
0x000000000430a000 	/System/Library/Frameworks/CoreData.framework/Versions/A/CoreData
0x000000000430a000 	/System/Library/PrivateFrameworks/RemoteViewServices.framework/Versions/A/RemoteViewServices
0x000000000430a000 	/System/Library/PrivateFrameworks/UIFoundation.framework/Versions/A/UIFoundation
0x000000000430a000 	/System/Library/Frameworks/IOSurface.framework/Versions/A/IOSurface
0x000000000430a000 	/System/Library/Frameworks/AudioToolbox.framework/Versions/A/AudioToolbox
0x000000000430a000 	/System/Library/Frameworks/AudioUnit.framework/Versions/A/AudioUnit
0x000000000430a000 	/System/Library/PrivateFrameworks/DataDetectorsCore.framework/Versions/A/DataDetectorsCore
0x000000000430a000 	/System/Library/PrivateFrameworks/DesktopServicesPriv.framework/Versions/A/DesktopServicesPriv
0x000000000430a000 	/System/Library/Frameworks/Carbon.framework/Versions/A/Frameworks/HIToolbox.framework/Versions/A/HIToolbox
0x000000000430a000 	/System/Library/Frameworks/QuartzCore.framework/Versions/A/QuartzCore
0x000000000430a000 	/System/Library/Frameworks/Carbon.framework/Versions/A/Frameworks/SpeechRecognition.framework/Versions/A/SpeechRecognition
0x000000000430a000 	/usr/lib/libauto.dylib
0x000000000430a000 	/usr/lib/libicucore.A.dylib
0x000000000430a000 	/usr/lib/libxml2.2.dylib
0x000000000430a000 	/System/Library/PrivateFrameworks/CoreUI.framework/Versions/A/CoreUI
0x000000000430a000 	/System/Library/Frameworks/CoreAudio.framework/Versions/A/CoreAudio
0x000000000430a000 	/System/Library/Frameworks/DiskArbitration.framework/Versions/A/DiskArbitration
0x000000000430a000 	/usr/lib/liblangid.dylib
0x000000000430a000 	/System/Library/PrivateFrameworks/MultitouchSupport.framework/Versions/A/MultitouchSupport
0x000000000430a000 	/System/Library/Frameworks/IOKit.framework/Versions/A/IOKit
0x000000000430a000 	/usr/lib/libDiagnosticMessagesClient.dylib
0x000000000430a000 	/System/Library/Frameworks/CoreServices.framework/Versions/A/CoreServices
0x000000000430a000 	/System/Library/PrivateFrameworks/PerformanceAnalysis.framework/Versions/A/PerformanceAnalysis
0x000000000430a000 	/System/Library/PrivateFrameworks/GenerationalStorage.framework/Versions/A/GenerationalStorage
0x000000000430a000 	/System/Library/Frameworks/OpenGL.framework/Versions/A/OpenGL
0x000000000430a000 	/System/Library/PrivateFrameworks/Sharing.framework/Versions/A/Sharing
0x000000000430a000 	/System/Library/Frameworks/CoreGraphics.framework/Versions/A/CoreGraphics
0x000000000430a000 	/System/Library/Frameworks/CoreText.framework/Versions/A/CoreText
0x000000000430a000 	/System/Library/Frameworks/ImageIO.framework/Versions/A/ImageIO
0x000000000430a000 	/usr/lib/libextension.dylib
0x000000000430a000 	/System/Library/PrivateFrameworks/Backup.framework/Versions/A/Backup
0x000000000430a000 	/usr/lib/libarchive.2.dylib
0x000000000430a000 	/System/Library/Frameworks/CFNetwork.framework/Versions/A/CFNetwork
0x000000000430a000 	/System/Library/Frameworks/SystemConfiguration.framework/Versions/A/SystemConfiguration
0x000000000430a000 	/usr/lib/libCRFSuite.dylib
0x000000000430a000 	/usr/lib/libc++.1.dylib
0x000000000430a000 	/usr/lib/libc++abi.dylib
0x000000000430a000 	/usr/lib/system/libcache.dylib
0x000000000430a000 	/usr/lib/system/libcommonCrypto.dylib
0x000000000430a000 	/usr/lib/system/libcompiler_rt.dylib
0x000000000430a000 	/usr/lib/system/libcopyfile.dylib
0x000000000430a000 	/usr/lib/system/libcorecrypto.dylib
0x000000000430a000 	/usr/lib/system/libdispatch.dylib
0x000000000430a000 	/usr/lib/system/libdyld.dylib
0x000000000430a000 	/usr/lib/system/libkeymgr.dylib
0x000000000430a000 	/usr/lib/system/liblaunch.dylib
0x000000000430a000 	/usr/lib/system/libmacho.dylib
0x000000000430a000 	/usr/lib/system/libquarantine.dylib
0x000000000430a000 	/usr/lib/system/libremovefile.dylib
0x000000000430a000 	/usr/lib/system/libsystem_asl.dylib
0x000000000430a000 	/usr/lib/system/libsystem_blocks.dylib
0x000000000430a000 	/usr/lib/system/libsystem_c.dylib
0x000000000430a000 	/usr/lib/system/libsystem_configuration.dylib
0x000000000430a000 	/usr/lib/system/libsystem_coreservices.dylib
0x000000000430a000 	/usr/lib/system/libsystem_coretls.dylib
0x000000000430a000 	/usr/lib/system/libsystem_dnssd.dylib
0x000000000430a000 	/usr/lib/system/libsystem_info.dylib
0x000000000430a000 	/usr/lib/system/libsystem_kernel.dylib
0x000000000430a000 	/usr/lib/system/libsystem_m.dylib
0x000000000430a000 	/usr/lib/system/libsystem_malloc.dylib
0x000000000430a000 	/usr/lib/system/libsystem_network.dylib
0x000000000430a000 	/usr/lib/system/libsystem_networkextension.dylib
0x000000000430a000 	/usr/lib/system/libsystem_notify.dylib
0x000000000430a000 	/usr/lib/system/libsystem_platform.dylib
0x000000000430a000 	/usr/lib/system/libsystem_pthread.dylib
0x000000000430a000 	/usr/lib/system/libsystem_sandbox.dylib
0x000000000430a000 	/usr/lib/system/libsystem_secinit.dylib
0x000000000430a000 	/usr/lib/system/libsystem_stats.dylib
0x000000000430a000 	/usr/lib/system/libsystem_trace.dylib
0x000000000430a000 	/usr/lib/system/libunc.dylib
0x000000000430a000 	/usr/lib/system/libunwind.dylib
0x000000000430a000 	/usr/lib/system/libxpc.dylib
0x000000000430a000 	/usr/lib/libbz2.1.0.dylib
0x000000000430a000 	/usr/lib/liblzma.5.dylib
0x000000000430a000 	/usr/lib/libbsm.0.dylib
0x000000000430a000 	/usr/lib/libsqlite3.dylib
0x000000000430a000 	/usr/lib/system/libkxld.dylib
0x000000000430a000 	/usr/lib/libxar.1.dylib
0x000000000430a000 	/usr/lib/libpam.2.dylib
0x000000000430a000 	/usr/lib/libOpenScriptingUtil.dylib
0x000000000430a000 	/System/Library/Frameworks/CoreServices.framework/Versions/A/Frameworks/FSEvents.framework/Versions/A/FSEvents
0x000000000430a000 	/System/Library/Frameworks/CoreServices.framework/Versions/A/Frameworks/CarbonCore.framework/Versions/A/CarbonCore
0x000000000430a000 	/System/Library/Frameworks/CoreServices.framework/Versions/A/Frameworks/Metadata.framework/Versions/A/Metadata
0x000000000430a000 	/System/Library/Frameworks/CoreServices.framework/Versions/A/Frameworks/OSServices.framework/Versions/A/OSServices
0x000000000430a000 	/System/Library/Frameworks/CoreServices.framework/Versions/A/Frameworks/SearchKit.framework/Versions/A/SearchKit
0x000000000430a000 	/System/Library/Frameworks/CoreServices.framework/Versions/A/Frameworks/AE.framework/Versions/A/AE
0x000000000430a000 	/System/Library/Frameworks/CoreServices.framework/Versions/A/Frameworks/LaunchServices.framework/Versions/A/LaunchServices
0x000000000430a000 	/System/Library/Frameworks/CoreServices.framework/Versions/A/Frameworks/DictionaryServices.framework/Versions/A/DictionaryServices
0x000000000430a000 	/System/Library/Frameworks/NetFS.framework/Versions/A/NetFS
0x000000000430a000 	/System/Library/PrivateFrameworks/NetAuth.framework/Versions/A/NetAuth
0x000000000430a000 	/System/Library/PrivateFrameworks/login.framework/Versions/A/Frameworks/loginsupport.framework/Versions/A/loginsupport
0x000000000430a000 	/System/Library/PrivateFrameworks/TCC.framework/Versions/A/TCC
0x000000000430a000 	/usr/lib/libmecabra.dylib
0x000000000430a000 	/System/Library/PrivateFrameworks/LanguageModeling.framework/Versions/A/LanguageModeling
0x000000000430a000 	/usr/lib/libcmph.dylib
0x000000000430a000 	/usr/lib/libiconv.2.dylib
0x000000000430a000 	/System/Library/Frameworks/OpenDirectory.framework/Versions/A/Frameworks/CFOpenDirectory.framework/Versions/A/CFOpenDirectory
0x000000000430a000 	/System/Library/Frameworks/ServiceManagement.framework/Versions/A/ServiceManagement
0x000000000430a000 	/usr/lib/libxslt.1.dylib
0x000000000430a000 	/System/Library/Frameworks/Carbon.framework/Versions/A/Frameworks/Ink.framework/Versions/A/Ink
0x000000000430a000 	/System/Library/Frameworks/ApplicationServices.framework/Versions/A/Frameworks/ATS.framework/Versions/A/ATS
0x000000000430a000 	/System/Library/Frameworks/ApplicationServices.framework/Versions/A/Frameworks/ColorSync.framework/Versions/A/ColorSync
0x000000000430a000 	/System/Library/Frameworks/ApplicationServices.framework/Versions/A/Frameworks/HIServices.framework/Versions/A/HIServices
0x000000000430a000 	/System/Library/Frameworks/ApplicationServices.framework/Versions/A/Frameworks/LangAnalysis.framework/Versions/A/LangAnalysis
0x000000000430a000 	/System/Library/Frameworks/ApplicationServices.framework/Versions/A/Frameworks/PrintCore.framework/Versions/A/PrintCore
0x000000000430a000 	/System/Library/Frameworks/ApplicationServices.framework/Versions/A/Frameworks/QD.framework/Versions/A/QD
0x000000000430a000 	/System/Library/Frameworks/ApplicationServices.framework/Versions/A/Frameworks/SpeechSynthesis.framework/Versions/A/SpeechSynthesis
0x000000000430a000 	/System/Library/Frameworks/Accelerate.framework/Versions/A/Accelerate
0x000000000430a000 	/System/Library/Frameworks/Accelerate.framework/Versions/A/Frameworks/vImage.framework/Versions/A/vImage
0x000000000430a000 	/System/Library/Frameworks/Accelerate.framework/Versions/A/Frameworks/vecLib.framework/Versions/A/vecLib
0x000000000430a000 	/System/Library/Frameworks/Accelerate.framework/Versions/A/Frameworks/vecLib.framework/Versions/A/libvDSP.dylib
0x000000000430a000 	/System/Library/Frameworks/Accelerate.framework/Versions/A/Frameworks/vecLib.framework/Versions/A/libvMisc.dylib
0x000000000430a000 	/System/Library/Frameworks/Accelerate.framework/Versions/A/Frameworks/vecLib.framework/Versions/A/libLAPACK.dylib
0x000000000430a000 	/System/Library/Frameworks/Accelerate.framework/Versions/A/Frameworks/vecLib.framework/Versions/A/libBLAS.dylib
0x000000000430a000 	/System/Library/Frameworks/Accelerate.framework/Versions/A/Frameworks/vecLib.framework/Versions/A/libLinearAlgebra.dylib
0x000000000430a000 	/System/Library/Frameworks/ApplicationServices.framework/Versions/A/Frameworks/ATS.framework/Versions/A/Resources/libFontParser.dylib
0x000000000430a000 	/System/Library/Frameworks/ApplicationServices.framework/Versions/A/Frameworks/ATS.framework/Versions/A/Resources/libFontRegistry.dylib
0x000000000430a000 	/System/Library/PrivateFrameworks/AppleVPA.framework/Versions/A/AppleVPA
0x000000000430a000 	/System/Library/PrivateFrameworks/AppleJPEG.framework/Versions/A/AppleJPEG
0x000000000430a000 	/System/Library/Frameworks/ImageIO.framework/Versions/A/Resources/libJPEG.dylib
0x000000000430a000 	/System/Library/Frameworks/ImageIO.framework/Versions/A/Resources/libTIFF.dylib
0x000000000430a000 	/System/Library/Frameworks/ImageIO.framework/Versions/A/Resources/libPng.dylib
0x000000000430a000 	/System/Library/Frameworks/ImageIO.framework/Versions/A/Resources/libGIF.dylib
0x000000000430a000 	/System/Library/Frameworks/ImageIO.framework/Versions/A/Resources/libJP2.dylib
0x000000000430a000 	/System/Library/Frameworks/ImageIO.framework/Versions/A/Resources/libRadiance.dylib
0x000000000430a000 	/System/Library/Frameworks/CoreVideo.framework/Versions/A/CoreVideo
0x000000000430a000 	/System/Library/Frameworks/OpenGL.framework/Versions/A/Libraries/libGLU.dylib
0x000000000430a000 	/System/Library/Frameworks/OpenGL.framework/Versions/A/Libraries/libGFXShared.dylib
0x000000000430a000 	/System/Library/Frameworks/OpenGL.framework/Versions/A/Libraries/libGL.dylib
0x000000000430a000 	/System/Library/Frameworks/OpenGL.framework/Versions/A/Libraries/libGLImage.dylib
0x000000000430a000 	/System/Library/Frameworks/OpenGL.framework/Versions/A/Libraries/libCVMSPluginSupport.dylib
0x000000000430a000 	/System/Library/Frameworks/OpenGL.framework/Versions/A/Libraries/libCoreVMClient.dylib
0x000000000430a000 	/usr/lib/libcups.2.dylib
0x000000000430a000 	/System/Library/Frameworks/Kerberos.framework/Versions/A/Kerberos
0x000000000430a000 	/System/Library/Frameworks/GSS.framework/Versions/A/GSS
0x000000000430a000 	/usr/lib/libresolv.9.dylib
0x000000000430a000 	/System/Library/PrivateFrameworks/Heimdal.framework/Versions/A/Heimdal
0x000000000430a000 	/usr/lib/libheimdal-asn1.dylib
0x000000000430a000 	/System/Library/Frameworks/OpenDirectory.framework/Versions/A/OpenDirectory
0x000000000430a000 	/System/Library/PrivateFrameworks/CommonAuth.framework/Versions/A/CommonAuth
0x000000000430a000 	/System/Library/Frameworks/SecurityFoundation.framework/Versions/A/SecurityFoundation
0x000000000430a000 	/System/Library/Frameworks/QuartzCore.framework/Versions/A/Frameworks/CoreImage.framework/Versions/A/CoreImage
0x000000000430a000 	/System/Library/PrivateFrameworks/CrashReporterSupport.framework/Versions/A/CrashReporterSupport
0x000000000430a000 	/System/Library/Frameworks/OpenCL.framework/Versions/A/OpenCL
0x000000000430a000 	/System/Library/PrivateFrameworks/FaceCore.framework/Versions/A/FaceCore
0x000000000430a000 	/System/Library/PrivateFrameworks/Ubiquity.framework/Versions/A/Ubiquity
0x000000000430a000 	/System/Library/PrivateFrameworks/IconServices.framework/Versions/A/IconServices
0x000000000430a000 	/System/Library/PrivateFrameworks/ChunkingLibrary.framework/Versions/A/ChunkingLibrary
0x000000000430a000 	/System/Library/PrivateFrameworks/Apple80211.framework/Versions/A/Apple80211
0x000000000430a000 	/System/Library/Frameworks/CoreWLAN.framework/Versions/A/CoreWLAN
0x000000000430a000 	/System/Library/Frameworks/IOBluetooth.framework/Versions/A/IOBluetooth
0x000000000430a000 	/System/Library/PrivateFrameworks/CoreWiFi.framework/Versions/A/CoreWiFi
0x000000000430a000 	/System/Library/Frameworks/CoreBluetooth.framework/Versions/A/CoreBluetooth
0x000000000430a000 	/System/Library/PrivateFrameworks/DebugSymbols.framework/Versions/A/DebugSymbols
0x000000000430a000 	/System/Library/PrivateFrameworks/CoreSymbolication.framework/Versions/A/CoreSymbolication
0x000000000430a000 	/System/Library/PrivateFrameworks/Symbolication.framework/Versions/A/Symbolication
0x000000000430a000 	/System/Library/PrivateFrameworks/SpeechRecognitionCore.framework/Versions/A/SpeechRecognitionCore
0x0000000109200000 	/Library/Java/JavaVirtualMachines/jdk1.8.0_60.jdk/Contents/Home/jre/lib/server/libjvm.dylib
0x000000000430a000 	/usr/lib/libstdc++.6.dylib
0x000000010a189000 	/Library/Java/JavaVirtualMachines/jdk1.8.0_60.jdk/Contents/Home/jre/lib/libverify.dylib
0x000000010a197000 	/Library/Java/JavaVirtualMachines/jdk1.8.0_60.jdk/Contents/Home/jre/lib/libjava.dylib
0x000000010a1cc000 	/Library/Java/JavaVirtualMachines/jdk1.8.0_60.jdk/Contents/Home/jre/lib/libjdwp.dylib
0x00000001089fa000 	/Library/Java/JavaVirtualMachines/jdk1.8.0_60.jdk/Contents/Home/jre/lib/libnpt.dylib
0x000000010a21f000 	/Library/Java/JavaVirtualMachines/jdk1.8.0_60.jdk/Contents/Home/jre/lib/libzip.dylib
0x000000012029f000 	/System/Library/Frameworks/JavaVM.framework/Frameworks/JavaRuntimeSupport.framework/JavaRuntimeSupport
0x00000001202b7000 	/System/Library/Frameworks/JavaVM.framework/Versions/A/Frameworks/JavaNativeFoundation.framework/Versions/A/JavaNativeFoundation
0x00000001202cc000 	/System/Library/Frameworks/JavaVM.framework/Versions/A/JavaVM
0x000000000430a000 	/System/Library/Frameworks/Carbon.framework/Versions/A/Carbon
0x00000001202d9000 	/System/Library/PrivateFrameworks/JavaLaunching.framework/Versions/A/JavaLaunching
0x000000000430a000 	/System/Library/Frameworks/Carbon.framework/Versions/A/Frameworks/CommonPanels.framework/Versions/A/CommonPanels
0x000000000430a000 	/System/Library/Frameworks/Carbon.framework/Versions/A/Frameworks/Help.framework/Versions/A/Help
0x000000000430a000 	/System/Library/Frameworks/Carbon.framework/Versions/A/Frameworks/ImageCapture.framework/Versions/A/ImageCapture
0x000000000430a000 	/System/Library/Frameworks/Carbon.framework/Versions/A/Frameworks/OpenScripting.framework/Versions/A/OpenScripting
0x000000000430a000 	/System/Library/Frameworks/Carbon.framework/Versions/A/Frameworks/Print.framework/Versions/A/Print
0x000000000430a000 	/System/Library/Frameworks/Carbon.framework/Versions/A/Frameworks/SecurityHI.framework/Versions/A/SecurityHI
0x0000000121be9000 	/Library/Java/JavaVirtualMachines/jdk1.8.0_60.jdk/Contents/Home/jre/lib/libdt_socket.dylib

VM Arguments:
jvm_args: -agentlib:jdwp=transport=dt_socket,address=127.0.0.1:54495,suspend=y,server=n -Dfile.encoding=UTF-8 
java_command: MainClass
java_class_path (initial): /Library/Java/JavaVirtualMachines/jdk1.8.0_60.jdk/Contents/Home/jre/lib/charsets.jar:/Library/Java/JavaVirtualMachines/jdk1.8.0_60.jdk/Contents/Home/jre/lib/deploy.jar:/Library/Java/JavaVirtualMachines/jdk1.8.0_60.jdk/Contents/Home/jre/lib/ext/cldrdata.jar:/Library/Java/JavaVirtualMachines/jdk1.8.0_60.jdk/Contents/Home/jre/lib/ext/dnsns.jar:/Library/Java/JavaVirtualMachines/jdk1.8.0_60.jdk/Contents/Home/jre/lib/ext/jaccess.jar:/Library/Java/JavaVirtualMachines/jdk1.8.0_60.jdk/Contents/Home/jre/lib/ext/jfxrt.jar:/Library/Java/JavaVirtualMachines/jdk1.8.0_60.jdk/Contents/Home/jre/lib/ext/localedata.jar:/Library/Java/JavaVirtualMachines/jdk1.8.0_60.jdk/Contents/Home/jre/lib/ext/nashorn.jar:/Library/Java/JavaVirtualMachines/jdk1.8.0_60.jdk/Contents/Home/jre/lib/ext/sunec.jar:/Library/Java/JavaVirtualMachines/jdk1.8.0_60.jdk/Contents/Home/jre/lib/ext/sunjce_provider.jar:/Library/Java/JavaVirtualMachines/jdk1.8.0_60.jdk/Contents/Home/jre/lib/ext/sunpkcs11.jar:/Library/Java/JavaVirtualMachines/jdk1.8.0_60.jdk/Contents/Home/jre/lib/ext/zipfs.jar:/Library/Java/JavaVirtualMachines/jdk1.8.0_60.jdk/Contents/Home/jre/lib/javaws.jar:/Library/Java/JavaVirtualMachines/jdk1.8.0_60.jdk/Contents/Home/jre/lib/jce.jar:/Library/Java/JavaVirtualMachines/jdk1.8.0_60.jdk/Contents/Home/jre/lib/jfr.jar:/Library/Java/JavaVirtualMachines/jdk1.8.0_60.jdk/Contents/Home/jre/lib/jfxswt.jar:/Library/Java/JavaVirtualMachines/jdk1.8.0_60.jdk/Contents/Home/jre/lib/jsse.jar:/Library/Java/JavaVirtualMachines/jdk1.8.0_60.jdk/Contents/Home/jre/lib/management-agent.jar:/Library/Java/JavaVirtualMachines/jdk1.8.0_60.jdk/Contents/Home/jre/lib/plugin.jar:/Library/Java/JavaVirtualMachines/jdk1.8.0_60.jdk/Contents/Home/jre/lib/resources.jar:/Library/Java/JavaVirtualMachines/jdk1.8.0_60.jdk/Contents/Home/jre/lib/rt.jar:/Library/Java/JavaVirtualMachines/jdk1.8.0_60.jdk/Contents/Home/lib/ant-javafx.jar:/Library/Java/JavaVirtualMachines/jdk1.8.0_60.jdk/Contents/Home/lib/dt.jar:/Library/Ja
Launcher Type: SUN_STANDARD

Environment Variables:
JAVA_HOME=/Library/Java/JavaVirtualMachines/jdk1.8.0_60.jdk/Contents/Home/
PATH=/Users/shlok.chaurasia/Desktop/OfficeWork/fquick-repo/gradle-2.8/bin:/Users/shlok.chaurasia/Desktop/fkqk/apache-maven-3.3.3/bin:/Users/shlok.chaurasia/.rvm/gems/ruby-1.9.3-p547/bin:/Users/shlok.chaurasia/.rvm/gems/ruby-1.9.3-p547@global/bin:/Users/shlok.chaurasia/.rvm/rubies/ruby-1.9.3-p547/bin:/usr/bin:/bin:/usr/sbin:/sbin:/usr/local/bin:/Users/shlok.chaurasia/.rvm/bin
SHELL=/bin/zsh

Signal Handlers:
SIGSEGV: [libjvm.dylib+0x5a6d31], sa_mask[0]=11111111011111110111111111111111, sa_flags=SA_ONSTACK|SA_RESTART|SA_SIGINFO
SIGBUS: [libjvm.dylib+0x5a6d31], sa_mask[0]=11111111011111110111111111111111, sa_flags=SA_RESTART|SA_SIGINFO
SIGFPE: [libjvm.dylib+0x480a4c], sa_mask[0]=11111111011111110111111111111111, sa_flags=SA_RESTART|SA_SIGINFO
SIGPIPE: [libjvm.dylib+0x480a4c], sa_mask[0]=11111111011111110111111111111111, sa_flags=SA_RESTART|SA_SIGINFO
SIGXFSZ: [libjvm.dylib+0x480a4c], sa_mask[0]=11111111011111110111111111111111, sa_flags=SA_RESTART|SA_SIGINFO
SIGILL: [libjvm.dylib+0x480a4c], sa_mask[0]=11111111011111110111111111111111, sa_flags=SA_RESTART|SA_SIGINFO
SIGUSR1: SIG_DFL, sa_mask[0]=00000000000000000000000000000000, sa_flags=none
SIGUSR2: [libjvm.dylib+0x48056a], sa_mask[0]=00100000000000000000000000000000, sa_flags=SA_RESTART|SA_SIGINFO
SIGHUP: [libjvm.dylib+0x47eb41], sa_mask[0]=11111111011111110111111111111111, sa_flags=SA_RESTART|SA_SIGINFO
SIGINT: [libjvm.dylib+0x47eb41], sa_mask[0]=11111111011111110111111111111111, sa_flags=SA_RESTART|SA_SIGINFO
SIGTERM: [libjvm.dylib+0x47eb41], sa_mask[0]=11111111011111110111111111111111, sa_flags=SA_RESTART|SA_SIGINFO
SIGQUIT: [libjvm.dylib+0x47eb41], sa_mask[0]=11111111011111110111111111111111, sa_flags=SA_RESTART|SA_SIGINFO


---------------  S Y S T E M  ---------------

OS:Bsduname:Darwin 14.0.0 Darwin Kernel Version 14.0.0: Fri Sep 19 00:26:44 PDT 2014; root:xnu-2782.1.97~2/RELEASE_X86_64 x86_64
rlimit: STACK 8192k, CORE 0k, NPROC 709, NOFILE 10240, AS infinity
load average:3.35 3.39 3.23

CPU:total 4 (2 cores per cpu, 2 threads per core) family 6 model 69 stepping 1, cmov, cx8, fxsr, mmx, sse, sse2, sse3, ssse3, sse4.1, sse4.2, popcnt, avx, avx2, aes, clmul, erms, lzcnt, ht, tsc, tscinvbit, bmi1, bmi2

Memory: 4k page, physical 8388608k(97696k free)

/proc/meminfo:


vm_info: Java HotSpot(TM) 64-Bit Server VM (25.60-b23) for bsd-amd64 JRE (1.8.0_60-b27), built on Aug  4 2015 10:47:24 by "java_re" with gcc 4.2.1 (Based on Apple Inc. build 5658) (LLVM build 2336.11.00)

time: Sun Apr 10 12:18:59 2016
elapsed time: 1700 seconds (0d 0h 28m 20s)

