#
# A fatal error has been detected by the Java Runtime Environment:
#
#  SIGSEGV (0xb) at pc=0x000000010a7f5914, pid=8228, tid=16643
#
# JRE version: Java(TM) SE Runtime Environment (8.0_60-b27) (build 1.8.0_60-b27)
# Java VM: Java HotSpot(TM) 64-Bit Server VM (25.60-b23 mixed mode bsd-amd64 compressed oops)
# Problematic frame:
# V  [libjvm.dylib+0x446914]
#
# Failed to write core dump. Core dumps have been disabled. To enable core dumping, try "ulimit -c unlimited" before starting Java again
#
# If you would like to submit a bug report, please visit:
#   http://bugreport.java.com/bugreport/crash.jsp
#

---------------  T H R E A D  ---------------

Current thread (0x00007fb32c03a800):  JavaThread "JDWP Transport Listener: dt_socket" daemon [_thread_in_vm, id=16643, stack(0x00000001236c1000,0x00000001237c1000)]

siginfo: si_signo: 11 (SIGSEGV), si_code: 1 (SEGV_MAPERR), si_addr: 0x00007fb300000004

Registers:
RAX=0x0000000000000001, RBX=0x00000001237c0a8b, RCX=0x000000010abc4310, RDX=0x00000001237c0a8b
RSP=0x00000001237c09d0, RBP=0x00000001237c09e0, RSI=0x00007fb32c03a800, RDI=0x00007fb300000004
R8 =0x0000000000000000, R9 =0x00007fb32bf00000, R10=0x0000000000000010, R11=0x00007fb32bf00000
R12=0x00007fb32c03a800, R13=0x00007fb300000004, R14=0x00007fb300000004, R15=0x00007fb32bd0da60
RIP=0x000000010a7f5914, EFLAGS=0x0000000000010202, ERR=0x0000000000000004
  TRAPNO=0x000000000000000e

Top of Stack: (sp=0x00000001237c09d0)
0x00000001237c09d0:   00000001237c0a8b 00000001237c0a8b
0x00000001237c09e0:   00000001237c0a40 000000010a704a0e
0x00000001237c09f0:   00007fb32c03a800 0000000000000000
0x00000001237c0a00:   0000000000000000 0000000000000000
0x00000001237c0a10:   00007fb32c03a800 00007fb32c03a800
0x00000001237c0a20:   00000001237c0a8b 00000001237c0a90
0x00000001237c0a30:   00007fb300000004 0000000000000006
0x00000001237c0a40:   00000001237c0a60 000000010b3b3780
0x00000001237c0a50:   0000000000000001 00000001237c0b08
0x00000001237c0a60:   00000001237c0ad0 000000010b3981f3
0x00000001237c0a70:   00000001237c0aa0 00007fb32bf17110
0x00000001237c0a80:   0000000700000032 0000000a007c0b08
0x00000001237c0a90:   0000000000000000 0000000000000000
0x00000001237c0aa0:   0000000000000000 00000001237c0c90
0x00000001237c0ab0:   000000010b3bae7a 00007fb32bf16f40
0x00000001237c0ac0:   00000001237c0b08 000000010b3c6598
0x00000001237c0ad0:   00000001237c0ae0 000000010b3982ec
0x00000001237c0ae0:   00000001237c0d00 000000010b3a1898
0x00000001237c0af0:   0000228f00000013 00000000000f0200
0x00000001237c0b00:   00007fb32bf20820 00007fb32bf2150a
0x00000001237c0b10:   00007fb3000001ee 00007fb32bf17150
0x00000001237c0b20:   00007fb30000012c 00000001237c0b58
0x00000001237c0b30:   00007fb32bf17150 0000000000000000
0x00000001237c0b40:   0000228f0000000f 0000000000000080
0x00000001237c0b50:   00000001237c0b58 b37f000007000000
0x00000001237c0b60:   12000000d01ec32b 617453746e697270
0x00000001237c0b70:   646e49646e457472 5b28160000007865
0x00000001237c0b80:   616c2f6176616a4c 6e697274532f676e
0x00000001237c0b90:   0000000056293b67 b37f00000a000000
0x00000001237c0ba0:   05000000b81ec32b 000000454d6b7361
0x00000001237c0bb0:   6176616a4c492816 75512f6c6974752f
0x00000001237c0bc0:   004929493b657565 616a4c49282b0000 

Instructions: (pc=0x000000010a7f5914)
0x000000010a7f58f4:   40 48 48 85 c0 75 e0 30 c0 0f b6 c0 5d c3 31 c0
0x000000010a7f5904:   5d c3 55 48 89 e5 53 48 83 ec 08 48 85 ff 74 24
0x000000010a7f5914:   48 8b 1f 48 85 db 74 1c 48 83 fb 37 74 16 48 8b
0x000000010a7f5924:   03 48 89 df ff 50 10 84 c0 b8 00 00 00 00 48 0f 

Register to memory mapping:

RAX=0x0000000000000001 is an unknown value
RBX=0x00000001237c0a8b is pointing into the stack for thread: 0x00007fb32c03a800
RCX=0x000000010abc4310: UseMembar+0 in /Library/Java/JavaVirtualMachines/jdk1.8.0_60.jdk/Contents/Home/jre/lib/server/libjvm.dylib at 0x000000010a3af000
RDX=0x00000001237c0a8b is pointing into the stack for thread: 0x00007fb32c03a800
RSP=0x00000001237c09d0 is pointing into the stack for thread: 0x00007fb32c03a800
RBP=0x00000001237c09e0 is pointing into the stack for thread: 0x00007fb32c03a800
RSI=0x00007fb32c03a800 is a thread
RDI=0x00007fb300000004 is an unknown value
R8 =0x0000000000000000 is an unknown value
R9 =0x00007fb32bf00000 is an unknown value
R10=0x0000000000000010 is an unknown value
R11=0x00007fb32bf00000 is an unknown value
R12=0x00007fb32c03a800 is a thread
R13=0x00007fb300000004 is an unknown value
R14=0x00007fb300000004 is an unknown value
R15=0x00007fb32bd0da60 is an unknown value


Stack: [0x00000001236c1000,0x00000001237c1000],  sp=0x00000001237c09d0,  free space=1022k
Native frames: (J=compiled Java code, j=interpreted, Vv=VM code, C=native code)
V  [libjvm.dylib+0x446914]
V  [libjvm.dylib+0x355a0e]
C  [libjdwp.dylib+0x20780]  isMethodSynthetic+0x63
C  [libjdwp.dylib+0x51f3]  methods1+0x10b
C  [libjdwp.dylib+0x52ec]  methodsWithGeneric+0xe
C  [libjdwp.dylib+0xe898]  debugLoop_run+0x1ce
C  [libjdwp.dylib+0x1f6ba]  attachThread+0x4d
V  [libjvm.dylib+0x396d6c]
V  [libjvm.dylib+0x5612d3]
V  [libjvm.dylib+0x5629ce]
V  [libjvm.dylib+0x48343a]
C  [libsystem_pthread.dylib+0x32fc]  _pthread_body+0x83
C  [libsystem_pthread.dylib+0x3279]  _pthread_body+0x0
C  [libsystem_pthread.dylib+0x14b1]  thread_start+0xd
C  0x0000000000000000


---------------  P R O C E S S  ---------------

Java Threads: ( => current thread )
  0x00007fb32d018800 JavaThread "Service Thread" daemon [_thread_blocked, id=19715, stack(0x0000000123cd3000,0x0000000123dd3000)]
  0x00007fb32c039000 JavaThread "C1 CompilerThread2" daemon [_thread_blocked, id=19203, stack(0x0000000123bd0000,0x0000000123cd0000)]
  0x00007fb32c81e800 JavaThread "C2 CompilerThread1" daemon [_thread_blocked, id=18691, stack(0x0000000123acd000,0x0000000123bcd000)]
  0x00007fb32c038000 JavaThread "C2 CompilerThread0" daemon [_thread_blocked, id=18179, stack(0x00000001239ca000,0x0000000123aca000)]
  0x00007fb32d03b000 JavaThread "JDWP Command Reader" daemon [_thread_in_native, id=17667, stack(0x00000001238c7000,0x00000001239c7000)]
  0x00007fb32c81c800 JavaThread "JDWP Event Helper Thread" daemon [_thread_blocked, id=17155, stack(0x00000001237c4000,0x00000001238c4000)]
=>0x00007fb32c03a800 JavaThread "JDWP Transport Listener: dt_socket" daemon [_thread_in_vm, id=16643, stack(0x00000001236c1000,0x00000001237c1000)]
  0x00007fb32d801800 JavaThread "Signal Dispatcher" daemon [_thread_blocked, id=15115, stack(0x00000001235be000,0x00000001236be000)]
  0x00007fb32c812800 JavaThread "Finalizer" daemon [_thread_blocked, id=11523, stack(0x0000000121c78000,0x0000000121d78000)]
  0x00007fb32c811800 JavaThread "Reference Handler" daemon [_thread_blocked, id=11011, stack(0x0000000121b75000,0x0000000121c75000)]
  0x00007fb32c00b000 JavaThread "main" [_thread_in_native, id=4867, stack(0x000000010bc01000,0x000000010bd01000)]

Other Threads:
  0x00007fb32c80f000 VMThread [stack: 0x0000000121a72000,0x0000000121b72000] [id=10499]
  0x00007fb32d80d000 WatcherThread [stack: 0x0000000123dd6000,0x0000000123ed6000] [id=20227]

VM state:not at safepoint (normal execution)

VM Mutex/Monitor currently owned by a thread: None

Heap:
 PSYoungGen      total 38400K, used 3336K [0x0000000795580000, 0x0000000798000000, 0x00000007c0000000)
  eden space 33280K, 10% used [0x0000000795580000,0x00000007958c20e0,0x0000000797600000)
  from space 5120K, 0% used [0x0000000797b00000,0x0000000797b00000,0x0000000798000000)
  to   space 5120K, 0% used [0x0000000797600000,0x0000000797600000,0x0000000797b00000)
 ParOldGen       total 87552K, used 0K [0x0000000740000000, 0x0000000745580000, 0x0000000795580000)
  object space 87552K, 0% used [0x0000000740000000,0x0000000740000000,0x0000000745580000)
 Metaspace       used 3372K, capacity 4562K, committed 4864K, reserved 1056768K
  class space    used 376K, capacity 386K, committed 512K, reserved 1048576K

Card table byte_map: [0x000000011b0c3000,0x000000011b4c4000] byte_map_base: 0x00000001176c3000

Marking Bits: (ParMarkBitMap*) 0x000000010ac8de20
 Begin Bits: [0x000000011bb7b000, 0x000000011db7b000)
 End Bits:   [0x000000011db7b000, 0x000000011fb7b000)

Polling page: 0x000000010b392000

CodeCache: size=245760Kb used=1220Kb max_used=1226Kb free=244539Kb
 bounds [0x000000010bd03000, 0x000000010bf73000, 0x000000011ad03000]
 total_blobs=320 nmethods=88 adapters=154
 compilation: enabled

Compilation events (10 events):
Event: 0.641 Thread 0x00007fb32c039000   84       3       java.io.DataInputStream::readInt (72 bytes)
Event: 0.642 Thread 0x00007fb32c039000 nmethod 84 0x000000010be2ef10 code [0x000000010be2f0e0, 0x000000010be2f668]
Event: 0.643 Thread 0x00007fb32c81e800   85       4       java.lang.String::indexOf (70 bytes)
Event: 0.643 Thread 0x00007fb32c039000   87       3       java.util.StringTokenizer::scanToken (179 bytes)
Event: 0.644 Thread 0x00007fb32c039000 nmethod 87 0x000000010be2f8d0 code [0x000000010be2fb60, 0x000000010be30e58]
Event: 0.645 Thread 0x00007fb32c039000   86       3       java.util.StringTokenizer::skipDelimiters (116 bytes)
Event: 0.646 Thread 0x00007fb32c039000 nmethod 86 0x000000010be31690 code [0x000000010be318c0, 0x000000010be32498]
Event: 0.646 Thread 0x00007fb32c039000   88       3       java.util.HashSet::add (20 bytes)
Event: 0.646 Thread 0x00007fb32c81e800 nmethod 85 0x000000010be357d0 code [0x000000010be35920, 0x000000010be35af8]
Event: 0.646 Thread 0x00007fb32c039000 nmethod 88 0x000000010be346d0 code [0x000000010be34860, 0x000000010be34d78]

GC Heap History (0 events):
No events

Deoptimization events (1 events):
Event: 0.393 Thread 0x00007fb32c00b000 Uncommon trap: reason=unstable_if action=reinterpret pc=0x000000010be2360c method=java.lang.String.hashCode()I @ 14

Internal exceptions (10 events):
Event: 0.358 Thread 0x00007fb32c00b000 Exception <a 'java/util/zip/ZipException'> (0x000000079582ea38) thrown at [/Users/java_re/workspace/8-2-build-macosx-x86_64/jdk8u60/4407/hotspot/src/share/vm/prims/jni.cpp, line 709]
Event: 0.358 Thread 0x00007fb32c00b000 Exception <a 'java/security/PrivilegedActionException'> (0x000000079582ec40) thrown at [/Users/java_re/workspace/8-2-build-macosx-x86_64/jdk8u60/4407/hotspot/src/share/vm/prims/jvm.cpp, line 1386]
Event: 0.358 Thread 0x00007fb32c00b000 Exception <a 'java/security/PrivilegedActionException'> (0x000000079582ee50) thrown at [/Users/java_re/workspace/8-2-build-macosx-x86_64/jdk8u60/4407/hotspot/src/share/vm/prims/jvm.cpp, line 1386]
Event: 0.374 Thread 0x00007fb32c00b000 Exception <a 'java/util/zip/ZipException'> (0x0000000795840640) thrown at [/Users/java_re/workspace/8-2-build-macosx-x86_64/jdk8u60/4407/hotspot/src/share/vm/prims/jni.cpp, line 709]
Event: 0.374 Thread 0x00007fb32c00b000 Exception <a 'java/security/PrivilegedActionException'> (0x0000000795840848) thrown at [/Users/java_re/workspace/8-2-build-macosx-x86_64/jdk8u60/4407/hotspot/src/share/vm/prims/jvm.cpp, line 1386]
Event: 0.374 Thread 0x00007fb32c00b000 Exception <a 'java/security/PrivilegedActionException'> (0x0000000795840a58) thrown at [/Users/java_re/workspace/8-2-build-macosx-x86_64/jdk8u60/4407/hotspot/src/share/vm/prims/jvm.cpp, line 1386]
Event: 0.632 Thread 0x00007fb32c00b000 Exception <a 'java/security/PrivilegedActionException'> (0x0000000795890b30) thrown at [/Users/java_re/workspace/8-2-build-macosx-x86_64/jdk8u60/4407/hotspot/src/share/vm/prims/jvm.cpp, line 1386]
Event: 0.632 Thread 0x00007fb32c00b000 Exception <a 'java/security/PrivilegedActionException'> (0x0000000795890f28) thrown at [/Users/java_re/workspace/8-2-build-macosx-x86_64/jdk8u60/4407/hotspot/src/share/vm/prims/jvm.cpp, line 1386]
Event: 0.632 Thread 0x00007fb32c00b000 Exception <a 'java/security/PrivilegedActionException'> (0x00000007958943b0) thrown at [/Users/java_re/workspace/8-2-build-macosx-x86_64/jdk8u60/4407/hotspot/src/share/vm/prims/jvm.cpp, line 1386]
Event: 0.632 Thread 0x00007fb32c00b000 Exception <a 'java/security/PrivilegedActionException'> (0x00000007958947a8) thrown at [/Users/java_re/workspace/8-2-build-macosx-x86_64/jdk8u60/4407/hotspot/src/share/vm/prims/jvm.cpp, line 1386]

Events (10 events):
Event: 1381.596 Executing VM operation: ChangeBreakpoints
Event: 1381.596 Executing VM operation: ChangeBreakpoints done
Event: 1426.291 Executing VM operation: ChangeBreakpoints
Event: 1426.291 Executing VM operation: ChangeBreakpoints done
Event: 1695.330 Executing VM operation: ChangeBreakpoints
Event: 1695.330 Executing VM operation: ChangeBreakpoints done
Event: 1702.900 Executing VM operation: ChangeBreakpoints
Event: 1702.900 Executing VM operation: ChangeBreakpoints done
Event: 1702.903 Executing VM operation: RedefineClasses
Event: 1702.904 Executing VM operation: RedefineClasses done


Dynamic libraries:
0x000000000430a000 	/System/Library/Frameworks/Cocoa.framework/Versions/A/Cocoa
0x000000000430a000 	/System/Library/Frameworks/Security.framework/Versions/A/Security
0x000000000430a000 	/System/Library/Frameworks/ApplicationServices.framework/Versions/A/ApplicationServices
0x000000000430a000 	/usr/lib/libz.1.dylib
0x000000000430a000 	/usr/lib/libSystem.B.dylib
0x000000000430a000 	/usr/lib/libobjc.A.dylib
0x000000000430a000 	/System/Library/Frameworks/CoreFoundation.framework/Versions/A/CoreFoundation
0x000000000430a000 	/System/Library/Frameworks/Foundation.framework/Versions/C/Foundation
0x000000000430a000 	/System/Library/Frameworks/AppKit.framework/Versions/C/AppKit
0x000000000430a000 	/System/Library/Frameworks/CoreData.framework/Versions/A/CoreData
0x000000000430a000 	/System/Library/PrivateFrameworks/RemoteViewServices.framework/Versions/A/RemoteViewServices
0x000000000430a000 	/System/Library/PrivateFrameworks/UIFoundation.framework/Versions/A/UIFoundation
0x000000000430a000 	/System/Library/Frameworks/IOSurface.framework/Versions/A/IOSurface
0x000000000430a000 	/System/Library/Frameworks/AudioToolbox.framework/Versions/A/AudioToolbox
0x000000000430a000 	/System/Library/Frameworks/AudioUnit.framework/Versions/A/AudioUnit
0x000000000430a000 	/System/Library/PrivateFrameworks/DataDetectorsCore.framework/Versions/A/DataDetectorsCore
0x000000000430a000 	/System/Library/PrivateFrameworks/DesktopServicesPriv.framework/Versions/A/DesktopServicesPriv
0x000000000430a000 	/System/Library/Frameworks/Carbon.framework/Versions/A/Frameworks/HIToolbox.framework/Versions/A/HIToolbox
0x000000000430a000 	/System/Library/Frameworks/QuartzCore.framework/Versions/A/QuartzCore
0x000000000430a000 	/System/Library/Frameworks/Carbon.framework/Versions/A/Frameworks/SpeechRecognition.framework/Versions/A/SpeechRecognition
0x000000000430a000 	/usr/lib/libauto.dylib
0x000000000430a000 	/usr/lib/libicucore.A.dylib
0x000000000430a000 	/usr/lib/libxml2.2.dylib
0x000000000430a000 	/System/Library/PrivateFrameworks/CoreUI.framework/Versions/A/CoreUI
0x000000000430a000 	/System/Library/Frameworks/CoreAudio.framework/Versions/A/CoreAudio
0x000000000430a000 	/System/Library/Frameworks/DiskArbitration.framework/Versions/A/DiskArbitration
0x000000000430a000 	/usr/lib/liblangid.dylib
0x000000000430a000 	/System/Library/PrivateFrameworks/MultitouchSupport.framework/Versions/A/MultitouchSupport
0x000000000430a000 	/System/Library/Frameworks/IOKit.framework/Versions/A/IOKit
0x000000000430a000 	/usr/lib/libDiagnosticMessagesClient.dylib
0x000000000430a000 	/System/Library/Frameworks/CoreServices.framework/Versions/A/CoreServices
0x000000000430a000 	/System/Library/PrivateFrameworks/PerformanceAnalysis.framework/Versions/A/PerformanceAnalysis
0x000000000430a000 	/System/Library/PrivateFrameworks/GenerationalStorage.framework/Versions/A/GenerationalStorage
0x000000000430a000 	/System/Library/Frameworks/OpenGL.framework/Versions/A/OpenGL
0x000000000430a000 	/System/Library/PrivateFrameworks/Sharing.framework/Versions/A/Sharing
0x000000000430a000 	/System/Library/Frameworks/CoreGraphics.framework/Versions/A/CoreGraphics
0x000000000430a000 	/System/Library/Frameworks/CoreText.framework/Versions/A/CoreText
0x000000000430a000 	/System/Library/Frameworks/ImageIO.framework/Versions/A/ImageIO
0x000000000430a000 	/usr/lib/libextension.dylib
0x000000000430a000 	/System/Library/PrivateFrameworks/Backup.framework/Versions/A/Backup
0x000000000430a000 	/usr/lib/libarchive.2.dylib
0x000000000430a000 	/System/Library/Frameworks/CFNetwork.framework/Versions/A/CFNetwork
0x000000000430a000 	/System/Library/Frameworks/SystemConfiguration.framework/Versions/A/SystemConfiguration
0x000000000430a000 	/usr/lib/libCRFSuite.dylib
0x000000000430a000 	/usr/lib/libc++.1.dylib
0x000000000430a000 	/usr/lib/libc++abi.dylib
0x000000000430a000 	/usr/lib/system/libcache.dylib
0x000000000430a000 	/usr/lib/system/libcommonCrypto.dylib
0x000000000430a000 	/usr/lib/system/libcompiler_rt.dylib
0x000000000430a000 	/usr/lib/system/libcopyfile.dylib
0x000000000430a000 	/usr/lib/system/libcorecrypto.dylib
0x000000000430a000 	/usr/lib/system/libdispatch.dylib
0x000000000430a000 	/usr/lib/system/libdyld.dylib
0x000000000430a000 	/usr/lib/system/libkeymgr.dylib
0x000000000430a000 	/usr/lib/system/liblaunch.dylib
0x000000000430a000 	/usr/lib/system/libmacho.dylib
0x000000000430a000 	/usr/lib/system/libquarantine.dylib
0x000000000430a000 	/usr/lib/system/libremovefile.dylib
0x000000000430a000 	/usr/lib/system/libsystem_asl.dylib
0x000000000430a000 	/usr/lib/system/libsystem_blocks.dylib
0x000000000430a000 	/usr/lib/system/libsystem_c.dylib
0x000000000430a000 	/usr/lib/system/libsystem_configuration.dylib
0x000000000430a000 	/usr/lib/system/libsystem_coreservices.dylib
0x000000000430a000 	/usr/lib/system/libsystem_coretls.dylib
0x000000000430a000 	/usr/lib/system/libsystem_dnssd.dylib
0x000000000430a000 	/usr/lib/system/libsystem_info.dylib
0x000000000430a000 	/usr/lib/system/libsystem_kernel.dylib
0x000000000430a000 	/usr/lib/system/libsystem_m.dylib
0x000000000430a000 	/usr/lib/system/libsystem_malloc.dylib
0x000000000430a000 	/usr/lib/system/libsystem_network.dylib
0x000000000430a000 	/usr/lib/system/libsystem_networkextension.dylib
0x000000000430a000 	/usr/lib/system/libsystem_notify.dylib
0x000000000430a000 	/usr/lib/system/libsystem_platform.dylib
0x000000000430a000 	/usr/lib/system/libsystem_pthread.dylib
0x000000000430a000 	/usr/lib/system/libsystem_sandbox.dylib
0x000000000430a000 	/usr/lib/system/libsystem_secinit.dylib
0x000000000430a000 	/usr/lib/system/libsystem_stats.dylib
0x000000000430a000 	/usr/lib/system/libsystem_trace.dylib
0x000000000430a000 	/usr/lib/system/libunc.dylib
0x000000000430a000 	/usr/lib/system/libunwind.dylib
0x000000000430a000 	/usr/lib/system/libxpc.dylib
0x000000000430a000 	/usr/lib/libbz2.1.0.dylib
0x000000000430a000 	/usr/lib/liblzma.5.dylib
0x000000000430a000 	/usr/lib/libbsm.0.dylib
0x000000000430a000 	/usr/lib/libsqlite3.dylib
0x000000000430a000 	/usr/lib/system/libkxld.dylib
0x000000000430a000 	/usr/lib/libxar.1.dylib
0x000000000430a000 	/usr/lib/libpam.2.dylib
0x000000000430a000 	/usr/lib/libOpenScriptingUtil.dylib
0x000000000430a000 	/System/Library/Frameworks/CoreServices.framework/Versions/A/Frameworks/FSEvents.framework/Versions/A/FSEvents
0x000000000430a000 	/System/Library/Frameworks/CoreServices.framework/Versions/A/Frameworks/CarbonCore.framework/Versions/A/CarbonCore
0x000000000430a000 	/System/Library/Frameworks/CoreServices.framework/Versions/A/Frameworks/Metadata.framework/Versions/A/Metadata
0x000000000430a000 	/System/Library/Frameworks/CoreServices.framework/Versions/A/Frameworks/OSServices.framework/Versions/A/OSServices
0x000000000430a000 	/System/Library/Frameworks/CoreServices.framework/Versions/A/Frameworks/SearchKit.framework/Versions/A/SearchKit
0x000000000430a000 	/System/Library/Frameworks/CoreServices.framework/Versions/A/Frameworks/AE.framework/Versions/A/AE
0x000000000430a000 	/System/Library/Frameworks/CoreServices.framework/Versions/A/Frameworks/LaunchServices.framework/Versions/A/LaunchServices
0x000000000430a000 	/System/Library/Frameworks/CoreServices.framework/Versions/A/Frameworks/DictionaryServices.framework/Versions/A/DictionaryServices
0x000000000430a000 	/System/Library/Frameworks/NetFS.framework/Versions/A/NetFS
0x000000000430a000 	/System/Library/PrivateFrameworks/NetAuth.framework/Versions/A/NetAuth
0x000000000430a000 	/System/Library/PrivateFrameworks/login.framework/Versions/A/Frameworks/loginsupport.framework/Versions/A/loginsupport
0x000000000430a000 	/System/Library/PrivateFrameworks/TCC.framework/Versions/A/TCC
0x000000000430a000 	/usr/lib/libmecabra.dylib
0x000000000430a000 	/System/Library/PrivateFrameworks/LanguageModeling.framework/Versions/A/LanguageModeling
0x000000000430a000 	/usr/lib/libcmph.dylib
0x000000000430a000 	/usr/lib/libiconv.2.dylib
0x000000000430a000 	/System/Library/Frameworks/OpenDirectory.framework/Versions/A/Frameworks/CFOpenDirectory.framework/Versions/A/CFOpenDirectory
0x000000000430a000 	/System/Library/Frameworks/ServiceManagement.framework/Versions/A/ServiceManagement
0x000000000430a000 	/usr/lib/libxslt.1.dylib
0x000000000430a000 	/System/Library/Frameworks/Carbon.framework/Versions/A/Frameworks/Ink.framework/Versions/A/Ink
0x000000000430a000 	/System/Library/Frameworks/ApplicationServices.framework/Versions/A/Frameworks/ATS.framework/Versions/A/ATS
0x000000000430a000 	/System/Library/Frameworks/ApplicationServices.framework/Versions/A/Frameworks/ColorSync.framework/Versions/A/ColorSync
0x000000000430a000 	/System/Library/Frameworks/ApplicationServices.framework/Versions/A/Frameworks/HIServices.framework/Versions/A/HIServices
0x000000000430a000 	/System/Library/Frameworks/ApplicationServices.framework/Versions/A/Frameworks/LangAnalysis.framework/Versions/A/LangAnalysis
0x000000000430a000 	/System/Library/Frameworks/ApplicationServices.framework/Versions/A/Frameworks/PrintCore.framework/Versions/A/PrintCore
0x000000000430a000 	/System/Library/Frameworks/ApplicationServices.framework/Versions/A/Frameworks/QD.framework/Versions/A/QD
0x000000000430a000 	/System/Library/Frameworks/ApplicationServices.framework/Versions/A/Frameworks/SpeechSynthesis.framework/Versions/A/SpeechSynthesis
0x000000000430a000 	/System/Library/Frameworks/Accelerate.framework/Versions/A/Accelerate
0x000000000430a000 	/System/Library/Frameworks/Accelerate.framework/Versions/A/Frameworks/vImage.framework/Versions/A/vImage
0x000000000430a000 	/System/Library/Frameworks/Accelerate.framework/Versions/A/Frameworks/vecLib.framework/Versions/A/vecLib
0x000000000430a000 	/System/Library/Frameworks/Accelerate.framework/Versions/A/Frameworks/vecLib.framework/Versions/A/libvDSP.dylib
0x000000000430a000 	/System/Library/Frameworks/Accelerate.framework/Versions/A/Frameworks/vecLib.framework/Versions/A/libvMisc.dylib
0x000000000430a000 	/System/Library/Frameworks/Accelerate.framework/Versions/A/Frameworks/vecLib.framework/Versions/A/libLAPACK.dylib
0x000000000430a000 	/System/Library/Frameworks/Accelerate.framework/Versions/A/Frameworks/vecLib.framework/Versions/A/libBLAS.dylib
0x000000000430a000 	/System/Library/Frameworks/Accelerate.framework/Versions/A/Frameworks/vecLib.framework/Versions/A/libLinearAlgebra.dylib
0x000000000430a000 	/System/Library/Frameworks/ApplicationServices.framework/Versions/A/Frameworks/ATS.framework/Versions/A/Resources/libFontParser.dylib
0x000000000430a000 	/System/Library/Frameworks/ApplicationServices.framework/Versions/A/Frameworks/ATS.framework/Versions/A/Resources/libFontRegistry.dylib
0x000000000430a000 	/System/Library/PrivateFrameworks/AppleVPA.framework/Versions/A/AppleVPA
0x000000000430a000 	/System/Library/PrivateFrameworks/AppleJPEG.framework/Versions/A/AppleJPEG
0x000000000430a000 	/System/Library/Frameworks/ImageIO.framework/Versions/A/Resources/libJPEG.dylib
0x000000000430a000 	/System/Library/Frameworks/ImageIO.framework/Versions/A/Resources/libTIFF.dylib
0x000000000430a000 	/System/Library/Frameworks/ImageIO.framework/Versions/A/Resources/libPng.dylib
0x000000000430a000 	/System/Library/Frameworks/ImageIO.framework/Versions/A/Resources/libGIF.dylib
0x000000000430a000 	/System/Library/Frameworks/ImageIO.framework/Versions/A/Resources/libJP2.dylib
0x000000000430a000 	/System/Library/Frameworks/ImageIO.framework/Versions/A/Resources/libRadiance.dylib
0x000000000430a000 	/System/Library/Frameworks/CoreVideo.framework/Versions/A/CoreVideo
0x000000000430a000 	/System/Library/Frameworks/OpenGL.framework/Versions/A/Libraries/libGLU.dylib
0x000000000430a000 	/System/Library/Frameworks/OpenGL.framework/Versions/A/Libraries/libGFXShared.dylib
0x000000000430a000 	/System/Library/Frameworks/OpenGL.framework/Versions/A/Libraries/libGL.dylib
0x000000000430a000 	/System/Library/Frameworks/OpenGL.framework/Versions/A/Libraries/libGLImage.dylib
0x000000000430a000 	/System/Library/Frameworks/OpenGL.framework/Versions/A/Libraries/libCVMSPluginSupport.dylib
0x000000000430a000 	/System/Library/Frameworks/OpenGL.framework/Versions/A/Libraries/libCoreVMClient.dylib
0x000000000430a000 	/usr/lib/libcups.2.dylib
0x000000000430a000 	/System/Library/Frameworks/Kerberos.framework/Versions/A/Kerberos
0x000000000430a000 	/System/Library/Frameworks/GSS.framework/Versions/A/GSS
0x000000000430a000 	/usr/lib/libresolv.9.dylib
0x000000000430a000 	/System/Library/PrivateFrameworks/Heimdal.framework/Versions/A/Heimdal
0x000000000430a000 	/usr/lib/libheimdal-asn1.dylib
0x000000000430a000 	/System/Library/Frameworks/OpenDirectory.framework/Versions/A/OpenDirectory
0x000000000430a000 	/System/Library/PrivateFrameworks/CommonAuth.framework/Versions/A/CommonAuth
0x000000000430a000 	/System/Library/Frameworks/SecurityFoundation.framework/Versions/A/SecurityFoundation
0x000000000430a000 	/System/Library/Frameworks/QuartzCore.framework/Versions/A/Frameworks/CoreImage.framework/Versions/A/CoreImage
0x000000000430a000 	/System/Library/PrivateFrameworks/CrashReporterSupport.framework/Versions/A/CrashReporterSupport
0x000000000430a000 	/System/Library/Frameworks/OpenCL.framework/Versions/A/OpenCL
0x000000000430a000 	/System/Library/PrivateFrameworks/FaceCore.framework/Versions/A/FaceCore
0x000000000430a000 	/System/Library/PrivateFrameworks/Ubiquity.framework/Versions/A/Ubiquity
0x000000000430a000 	/System/Library/PrivateFrameworks/IconServices.framework/Versions/A/IconServices
0x000000000430a000 	/System/Library/PrivateFrameworks/ChunkingLibrary.framework/Versions/A/ChunkingLibrary
0x000000000430a000 	/System/Library/PrivateFrameworks/Apple80211.framework/Versions/A/Apple80211
0x000000000430a000 	/System/Library/Frameworks/CoreWLAN.framework/Versions/A/CoreWLAN
0x000000000430a000 	/System/Library/Frameworks/IOBluetooth.framework/Versions/A/IOBluetooth
0x000000000430a000 	/System/Library/PrivateFrameworks/CoreWiFi.framework/Versions/A/CoreWiFi
0x000000000430a000 	/System/Library/Frameworks/CoreBluetooth.framework/Versions/A/CoreBluetooth
0x000000000430a000 	/System/Library/PrivateFrameworks/DebugSymbols.framework/Versions/A/DebugSymbols
0x000000000430a000 	/System/Library/PrivateFrameworks/CoreSymbolication.framework/Versions/A/CoreSymbolication
0x000000000430a000 	/System/Library/PrivateFrameworks/Symbolication.framework/Versions/A/Symbolication
0x000000000430a000 	/System/Library/PrivateFrameworks/SpeechRecognitionCore.framework/Versions/A/SpeechRecognitionCore
0x000000010a3af000 	/Library/Java/JavaVirtualMachines/jdk1.8.0_60.jdk/Contents/Home/jre/lib/server/libjvm.dylib
0x000000000430a000 	/usr/lib/libstdc++.6.dylib
0x000000010b34f000 	/Library/Java/JavaVirtualMachines/jdk1.8.0_60.jdk/Contents/Home/jre/lib/libverify.dylib
0x000000010b35d000 	/Library/Java/JavaVirtualMachines/jdk1.8.0_60.jdk/Contents/Home/jre/lib/libjava.dylib
0x000000010b393000 	/Library/Java/JavaVirtualMachines/jdk1.8.0_60.jdk/Contents/Home/jre/lib/libjdwp.dylib
0x000000010b3de000 	/Library/Java/JavaVirtualMachines/jdk1.8.0_60.jdk/Contents/Home/jre/lib/libnpt.dylib
0x000000010b3eb000 	/Library/Java/JavaVirtualMachines/jdk1.8.0_60.jdk/Contents/Home/jre/lib/libzip.dylib
0x0000000121d7a000 	/System/Library/Frameworks/JavaVM.framework/Frameworks/JavaRuntimeSupport.framework/JavaRuntimeSupport
0x0000000121d92000 	/System/Library/Frameworks/JavaVM.framework/Versions/A/Frameworks/JavaNativeFoundation.framework/Versions/A/JavaNativeFoundation
0x0000000121da7000 	/System/Library/Frameworks/JavaVM.framework/Versions/A/JavaVM
0x000000000430a000 	/System/Library/Frameworks/Carbon.framework/Versions/A/Carbon
0x0000000121db4000 	/System/Library/PrivateFrameworks/JavaLaunching.framework/Versions/A/JavaLaunching
0x000000000430a000 	/System/Library/Frameworks/Carbon.framework/Versions/A/Frameworks/CommonPanels.framework/Versions/A/CommonPanels
0x000000000430a000 	/System/Library/Frameworks/Carbon.framework/Versions/A/Frameworks/Help.framework/Versions/A/Help
0x000000000430a000 	/System/Library/Frameworks/Carbon.framework/Versions/A/Frameworks/ImageCapture.framework/Versions/A/ImageCapture
0x000000000430a000 	/System/Library/Frameworks/Carbon.framework/Versions/A/Frameworks/OpenScripting.framework/Versions/A/OpenScripting
0x000000000430a000 	/System/Library/Frameworks/Carbon.framework/Versions/A/Frameworks/Print.framework/Versions/A/Print
0x000000000430a000 	/System/Library/Frameworks/Carbon.framework/Versions/A/Frameworks/SecurityHI.framework/Versions/A/SecurityHI
0x000000010b3f9000 	/Library/Java/JavaVirtualMachines/jdk1.8.0_60.jdk/Contents/Home/jre/lib/libdt_socket.dylib

VM Arguments:
jvm_args: -agentlib:jdwp=transport=dt_socket,address=127.0.0.1:54492,suspend=y,server=n -Dfile.encoding=UTF-8 
java_command: MainClass
java_class_path (initial): /Library/Java/JavaVirtualMachines/jdk1.8.0_60.jdk/Contents/Home/jre/lib/charsets.jar:/Library/Java/JavaVirtualMachines/jdk1.8.0_60.jdk/Contents/Home/jre/lib/deploy.jar:/Library/Java/JavaVirtualMachines/jdk1.8.0_60.jdk/Contents/Home/jre/lib/ext/cldrdata.jar:/Library/Java/JavaVirtualMachines/jdk1.8.0_60.jdk/Contents/Home/jre/lib/ext/dnsns.jar:/Library/Java/JavaVirtualMachines/jdk1.8.0_60.jdk/Contents/Home/jre/lib/ext/jaccess.jar:/Library/Java/JavaVirtualMachines/jdk1.8.0_60.jdk/Contents/Home/jre/lib/ext/jfxrt.jar:/Library/Java/JavaVirtualMachines/jdk1.8.0_60.jdk/Contents/Home/jre/lib/ext/localedata.jar:/Library/Java/JavaVirtualMachines/jdk1.8.0_60.jdk/Contents/Home/jre/lib/ext/nashorn.jar:/Library/Java/JavaVirtualMachines/jdk1.8.0_60.jdk/Contents/Home/jre/lib/ext/sunec.jar:/Library/Java/JavaVirtualMachines/jdk1.8.0_60.jdk/Contents/Home/jre/lib/ext/sunjce_provider.jar:/Library/Java/JavaVirtualMachines/jdk1.8.0_60.jdk/Contents/Home/jre/lib/ext/sunpkcs11.jar:/Library/Java/JavaVirtualMachines/jdk1.8.0_60.jdk/Contents/Home/jre/lib/ext/zipfs.jar:/Library/Java/JavaVirtualMachines/jdk1.8.0_60.jdk/Contents/Home/jre/lib/javaws.jar:/Library/Java/JavaVirtualMachines/jdk1.8.0_60.jdk/Contents/Home/jre/lib/jce.jar:/Library/Java/JavaVirtualMachines/jdk1.8.0_60.jdk/Contents/Home/jre/lib/jfr.jar:/Library/Java/JavaVirtualMachines/jdk1.8.0_60.jdk/Contents/Home/jre/lib/jfxswt.jar:/Library/Java/JavaVirtualMachines/jdk1.8.0_60.jdk/Contents/Home/jre/lib/jsse.jar:/Library/Java/JavaVirtualMachines/jdk1.8.0_60.jdk/Contents/Home/jre/lib/management-agent.jar:/Library/Java/JavaVirtualMachines/jdk1.8.0_60.jdk/Contents/Home/jre/lib/plugin.jar:/Library/Java/JavaVirtualMachines/jdk1.8.0_60.jdk/Contents/Home/jre/lib/resources.jar:/Library/Java/JavaVirtualMachines/jdk1.8.0_60.jdk/Contents/Home/jre/lib/rt.jar:/Library/Java/JavaVirtualMachines/jdk1.8.0_60.jdk/Contents/Home/lib/ant-javafx.jar:/Library/Java/JavaVirtualMachines/jdk1.8.0_60.jdk/Contents/Home/lib/dt.jar:/Library/Ja
Launcher Type: SUN_STANDARD

Environment Variables:
JAVA_HOME=/Library/Java/JavaVirtualMachines/jdk1.8.0_60.jdk/Contents/Home/
PATH=/Users/shlok.chaurasia/Desktop/OfficeWork/fquick-repo/gradle-2.8/bin:/Users/shlok.chaurasia/Desktop/fkqk/apache-maven-3.3.3/bin:/Users/shlok.chaurasia/.rvm/gems/ruby-1.9.3-p547/bin:/Users/shlok.chaurasia/.rvm/gems/ruby-1.9.3-p547@global/bin:/Users/shlok.chaurasia/.rvm/rubies/ruby-1.9.3-p547/bin:/usr/bin:/bin:/usr/sbin:/sbin:/usr/local/bin:/Users/shlok.chaurasia/.rvm/bin
SHELL=/bin/zsh

Signal Handlers:
SIGSEGV: [libjvm.dylib+0x5a6d31], sa_mask[0]=11111111011111110111111111111111, sa_flags=SA_ONSTACK|SA_RESTART|SA_SIGINFO
SIGBUS: [libjvm.dylib+0x5a6d31], sa_mask[0]=11111111011111110111111111111111, sa_flags=SA_RESTART|SA_SIGINFO
SIGFPE: [libjvm.dylib+0x480a4c], sa_mask[0]=11111111011111110111111111111111, sa_flags=SA_RESTART|SA_SIGINFO
SIGPIPE: [libjvm.dylib+0x480a4c], sa_mask[0]=11111111011111110111111111111111, sa_flags=SA_RESTART|SA_SIGINFO
SIGXFSZ: [libjvm.dylib+0x480a4c], sa_mask[0]=11111111011111110111111111111111, sa_flags=SA_RESTART|SA_SIGINFO
SIGILL: [libjvm.dylib+0x480a4c], sa_mask[0]=11111111011111110111111111111111, sa_flags=SA_RESTART|SA_SIGINFO
SIGUSR1: SIG_DFL, sa_mask[0]=00000000000000000000000000000000, sa_flags=none
SIGUSR2: [libjvm.dylib+0x48056a], sa_mask[0]=00100000000000000000000000000000, sa_flags=SA_RESTART|SA_SIGINFO
SIGHUP: [libjvm.dylib+0x47eb41], sa_mask[0]=11111111011111110111111111111111, sa_flags=SA_RESTART|SA_SIGINFO
SIGINT: [libjvm.dylib+0x47eb41], sa_mask[0]=11111111011111110111111111111111, sa_flags=SA_RESTART|SA_SIGINFO
SIGTERM: [libjvm.dylib+0x47eb41], sa_mask[0]=11111111011111110111111111111111, sa_flags=SA_RESTART|SA_SIGINFO
SIGQUIT: [libjvm.dylib+0x47eb41], sa_mask[0]=11111111011111110111111111111111, sa_flags=SA_RESTART|SA_SIGINFO


---------------  S Y S T E M  ---------------

OS:Bsduname:Darwin 14.0.0 Darwin Kernel Version 14.0.0: Fri Sep 19 00:26:44 PDT 2014; root:xnu-2782.1.97~2/RELEASE_X86_64 x86_64
rlimit: STACK 8192k, CORE 0k, NPROC 709, NOFILE 10240, AS infinity
load average:3.47 3.41 3.23

CPU:total 4 (2 cores per cpu, 2 threads per core) family 6 model 69 stepping 1, cmov, cx8, fxsr, mmx, sse, sse2, sse3, ssse3, sse4.1, sse4.2, popcnt, avx, avx2, aes, clmul, erms, lzcnt, ht, tsc, tscinvbit, bmi1, bmi2

Memory: 4k page, physical 8388608k(32884k free)

/proc/meminfo:


vm_info: Java HotSpot(TM) 64-Bit Server VM (25.60-b23) for bsd-amd64 JRE (1.8.0_60-b27), built on Aug  4 2015 10:47:24 by "java_re" with gcc 4.2.1 (Based on Apple Inc. build 5658) (LLVM build 2336.11.00)

time: Sun Apr 10 12:18:53 2016
elapsed time: 1703 seconds (0d 0h 28m 23s)

